[0413/154633:INFO:CONSOLE(5310)] "WebSocket connection to 'wss://ws.jandi.com/socket.io/?EIO=3&transport=websocket' failed: Error in connection establishment: net::ERR_NETWORK_IO_SUSPENDED", source: https://se04.jandi.com/app/bower_components/socket.io-client/socket.io.js (5310)
[0413/154633:INFO:CONSOLE(5310)] "WebSocket connection to 'wss://ws.jandi.com/socket.io/?EIO=3&transport=websocket' failed: Error in connection establishment: net::ERR_NETWORK_IO_SUSPENDED", source: https://se04.jandi.com/app/bower_components/socket.io-client/socket.io.js (5310)
[0413/154633:INFO:CONSOLE(5310)] "WebSocket connection to 'wss://ws.jandi.com/socket.io/?EIO=3&transport=websocket' failed: Error in connection establishment: net::ERR_NETWORK_IO_SUSPENDED", source: https://se04.jandi.com/app/bower_components/socket.io-client/socket.io.js (5310)
[0413/154634:INFO:CONSOLE(5310)] "WebSocket connection to 'wss://ws.jandi.com/socket.io/?EIO=3&transport=websocket' failed: Error in connection establishment: net::ERR_NETWORK_IO_SUSPENDED", source: https://se04.jandi.com/app/bower_components/socket.io-client/socket.io.js (5310)
[0413/154635:INFO:CONSOLE(5310)] "WebSocket connection to 'wss://ws.jandi.com/socket.io/?EIO=3&transport=websocket' failed: Error in connection establishment: net::ERR_NETWORK_IO_SUSPENDED", source: https://se04.jandi.com/app/bower_components/socket.io-client/socket.io.js (5310)
[0413/154635:INFO:CONSOLE(5310)] "WebSocket connection to 'wss://ws.jandi.com/socket.io/?EIO=3&transport=websocket' failed: Error in connection establishment: net::ERR_NETWORK_IO_SUSPENDED", source: https://se04.jandi.com/app/bower_components/socket.io-client/socket.io.js (5310)
[0413/154637:INFO:CONSOLE(5310)] "WebSocket connection to 'wss://ws.jandi.com/socket.io/?EIO=3&transport=websocket' failed: Error in connection establishment: net::ERR_NETWORK_IO_SUSPENDED", source: https://se04.jandi.com/app/bower_components/socket.io-client/socket.io.js (5310)
[0413/154639:INFO:CONSOLE(5310)] "WebSocket connection to 'wss://ws.jandi.com/socket.io/?EIO=3&transport=websocket' failed: Error in connection establishment: net::ERR_NETWORK_IO_SUSPENDED", source: https://se04.jandi.com/app/bower_components/socket.io-client/socket.io.js (5310)
[0413/154639:WARNING:dns_config_service_win.cc(654)] Failed to read DnsConfig.
[0413/154640:INFO:CONSOLE(5310)] "WebSocket connection to 'wss://ws.jandi.com/socket.io/?EIO=3&transport=websocket' failed: Error in connection establishment: net::ERR_NETWORK_IO_SUSPENDED", source: https://se04.jandi.com/app/bower_components/socket.io-client/socket.io.js (5310)
[0413/154658:INFO:CONSOLE(5310)] "WebSocket connection to 'wss://ws.jandi.com/socket.io/?EIO=3&transport=websocket' failed: Error in connection establishment: net::ERR_CONNECTION_CLOSED", source: https://se04.jandi.com/app/bower_components/socket.io-client/socket.io.js (5310)
[0413/154658:INFO:CONSOLE(5310)] "WebSocket connection to 'wss://ws.jandi.com/socket.io/?EIO=3&transport=websocket' failed: Error in connection establishment: net::ERR_CONNECTION_CLOSED", source: https://se04.jandi.com/app/bower_components/socket.io-client/socket.io.js (5310)
[0413/154658:INFO:CONSOLE(5310)] "WebSocket connection to 'wss://ws.jandi.com/socket.io/?EIO=3&transport=websocket' failed: Error in connection establishment: net::ERR_CONNECTION_CLOSED", source: https://se04.jandi.com/app/bower_components/socket.io-client/socket.io.js (5310)
[0413/154723:INFO:CONSOLE(5)] "TypeError: Cannot read property 'data' of undefined
    at https://se04.jandi.com/app/app/e6c42e7b.vendor.js:5:9350
    at i (https://se04.jandi.com/app/app/e6c42e7b.vendor.js:5:26059)
    at https://se04.jandi.com/app/app/e6c42e7b.vendor.js:5:26231
    at l.$eval (https://se04.jandi.com/app/app/e6c42e7b.vendor.js:6:1395)
    at l.$digest (https://se04.jandi.com/app/app/e6c42e7b.vendor.js:5:31922)
    at l.$apply (https://se04.jandi.com/app/app/e6c42e7b.vendor.js:6:1651)
    at h (https://se04.jandi.com/app/app/e6c42e7b.vendor.js:5:9818)
    at r (https://se04.jandi.com/app/app/e6c42e7b.vendor.js:5:11669)
    at XMLHttpRequest.v.onload (https://se04.jandi.com/app/app/e6c42e7b.vendor.js:5:12209)", source: https://se04.jandi.com/app/app/e6c42e7b.vendor.js (5)
[0413/181022:WARNING:dns_config_service_win.cc(654)] Failed to read DnsConfig.
[0413/181441:INFO:CONSOLE(5310)] "WebSocket connection to 'wss://ws.jandi.com/socket.io/?EIO=3&transport=websocket' failed: Error in connection establishment: net::ERR_NETWORK_CHANGED", source: https://se04.jandi.com/app/bower_components/socket.io-client/socket.io.js (5310)
[0413/181441:INFO:CONSOLE(5310)] "WebSocket connection to 'wss://ws.jandi.com/socket.io/?EIO=3&transport=websocket' failed: Error in connection establishment: net::ERR_NETWORK_CHANGED", source: https://se04.jandi.com/app/bower_components/socket.io-client/socket.io.js (5310)
[0413/181441:INFO:CONSOLE(5310)] "WebSocket connection to 'wss://ws.jandi.com/socket.io/?EIO=3&transport=websocket' failed: Error in connection establishment: net::ERR_NETWORK_CHANGED", source: https://se04.jandi.com/app/bower_components/socket.io-client/socket.io.js (5310)
[0413/181441:INFO:CONSOLE(5310)] "WebSocket connection to 'wss://ws.jandi.com/socket.io/?EIO=3&transport=websocket' failed: Error in connection establishment: net::ERR_NETWORK_CHANGED", source: https://se04.jandi.com/app/bower_components/socket.io-client/socket.io.js (5310)
[0413/181441:INFO:CONSOLE(5310)] "WebSocket connection to 'wss://ws.jandi.com/socket.io/?EIO=3&transport=websocket' failed: Error in connection establishment: net::ERR_NETWORK_CHANGED", source: https://se04.jandi.com/app/bower_components/socket.io-client/socket.io.js (5310)
[0413/181445:INFO:CONSOLE(5310)] "WebSocket connection to 'wss://ws.jandi.com/socket.io/?EIO=3&transport=websocket' failed: Error in connection establishment: net::ERR_CONNECTION_CLOSED", source: https://se04.jandi.com/app/bower_components/socket.io-client/socket.io.js (5310)
[0413/181445:INFO:CONSOLE(5310)] "WebSocket connection to 'wss://ws.jandi.com/socket.io/?EIO=3&transport=websocket' failed: Error in connection establishment: net::ERR_CONNECTION_CLOSED", source: https://se04.jandi.com/app/bower_components/socket.io-client/socket.io.js (5310)
[0413/181445:INFO:CONSOLE(5310)] "WebSocket connection to 'wss://ws.jandi.com/socket.io/?EIO=3&transport=websocket' failed: Error in connection establishment: net::ERR_CONNECTION_CLOSED", source: https://se04.jandi.com/app/bower_components/socket.io-client/socket.io.js (5310)
[0413/181445:INFO:CONSOLE(5310)] "WebSocket connection to 'wss://ws.jandi.com/socket.io/?EIO=3&transport=websocket' failed: Error in connection establishment: net::ERR_CONNECTION_CLOSED", source: https://se04.jandi.com/app/bower_components/socket.io-client/socket.io.js (5310)
[0413/181445:INFO:CONSOLE(5310)] "WebSocket connection to 'wss://ws.jandi.com/socket.io/?EIO=3&transport=websocket' failed: Error in connection establishment: net::ERR_CONNECTION_CLOSED", source: https://se04.jandi.com/app/bower_components/socket.io-client/socket.io.js (5310)
[0413/234101:ERROR:ipc_channel_win.cc(171)] pipe error: 109
[0414/002106:INFO:CONSOLE(5310)] "WebSocket connection to 'wss://ws.jandi.com/socket.io/?EIO=3&transport=websocket' failed: Error in connection establishment: net::ERR_CONNECTION_CLOSED", source: https://se04.jandi.com/app/bower_components/socket.io-client/socket.io.js (5310)
[0414/002108:INFO:CONSOLE(5310)] "WebSocket connection to 'wss://ws.jandi.com/socket.io/?EIO=3&transport=websocket' failed: Error in connection establishment: net::ERR_CONNECTION_CLOSED", source: https://se04.jandi.com/app/bower_components/socket.io-client/socket.io.js (5310)
[0414/002108:INFO:CONSOLE(5310)] "WebSocket connection to 'wss://ws.jandi.com/socket.io/?EIO=3&transport=websocket' failed: Error in connection establishment: net::ERR_CONNECTION_CLOSED", source: https://se04.jandi.com/app/bower_components/socket.io-client/socket.io.js (5310)
[0414/002108:INFO:CONSOLE(5310)] "WebSocket connection to 'wss://ws.jandi.com/socket.io/?EIO=3&transport=websocket' failed: Error in connection establishment: net::ERR_CONNECTION_CLOSED", source: https://se04.jandi.com/app/bower_components/socket.io-client/socket.io.js (5310)
[0414/002109:INFO:CONSOLE(5310)] "WebSocket connection to 'wss://ws.jandi.com/socket.io/?EIO=3&transport=websocket' failed: Error in connection establishment: net::ERR_CONNECTION_CLOSED", source: https://se04.jandi.com/app/bower_components/socket.io-client/socket.io.js (5310)
[0414/002110:INFO:CONSOLE(5310)] "WebSocket connection to 'wss://ws.jandi.com/socket.io/?EIO=3&transport=websocket' failed: Error in connection establishment: net::ERR_CONNECTION_CLOSED", source: https://se04.jandi.com/app/bower_components/socket.io-client/socket.io.js (5310)
[0414/002110:INFO:CONSOLE(5310)] "WebSocket connection to 'wss://ws.jandi.com/socket.io/?EIO=3&transport=websocket' failed: Error in connection establishment: net::ERR_CONNECTION_CLOSED", source: https://se04.jandi.com/app/bower_components/socket.io-client/socket.io.js (5310)
[0414/002110:INFO:CONSOLE(5310)] "WebSocket connection to 'wss://ws.jandi.com/socket.io/?EIO=3&transport=websocket' failed: Error in connection establishment: net::ERR_CONNECTION_CLOSED", source: https://se04.jandi.com/app/bower_components/socket.io-client/socket.io.js (5310)
[0414/002111:INFO:CONSOLE(5310)] "WebSocket connection to 'wss://ws.jandi.com/socket.io/?EIO=3&transport=websocket' failed: Error in connection establishment: net::ERR_CONNECTION_CLOSED", source: https://se04.jandi.com/app/bower_components/socket.io-client/socket.io.js (5310)
[0414/002113:INFO:CONSOLE(5310)] "WebSocket connection to 'wss://ws.jandi.com/socket.io/?EIO=3&transport=websocket' failed: Error in connection establishment: net::ERR_CONNECTION_CLOSED", source: https://se04.jandi.com/app/bower_components/socket.io-client/socket.io.js (5310)
[0414/002114:INFO:CONSOLE(5310)] "WebSocket connection to 'wss://ws.jandi.com/socket.io/?EIO=3&transport=websocket' failed: Error in connection establishment: net::ERR_CONNECTION_CLOSED", source: https://se04.jandi.com/app/bower_components/socket.io-client/socket.io.js (5310)
[0414/002114:INFO:CONSOLE(5310)] "WebSocket connection to 'wss://ws.jandi.com/socket.io/?EIO=3&transport=websocket' failed: Error in connection establishment: net::ERR_CONNECTION_CLOSED", source: https://se04.jandi.com/app/bower_components/socket.io-client/socket.io.js (5310)
[0414/002114:INFO:CONSOLE(5310)] "WebSocket connection to 'wss://ws.jandi.com/socket.io/?EIO=3&transport=websocket' failed: Error in connection establishment: net::ERR_CONNECTION_CLOSED", source: https://se04.jandi.com/app/bower_components/socket.io-client/socket.io.js (5310)
[0414/002116:INFO:CONSOLE(5310)] "WebSocket connection to 'wss://ws.jandi.com/socket.io/?EIO=3&transport=websocket' failed: Error in connection establishment: net::ERR_CONNECTION_CLOSED", source: https://se04.jandi.com/app/bower_components/socket.io-client/socket.io.js (5310)
[0414/002118:INFO:CONSOLE(5310)] "WebSocket connection to 'wss://ws.jandi.com/socket.io/?EIO=3&transport=websocket' failed: Error in connection establishment: net::ERR_CONNECTION_CLOSED", source: https://se04.jandi.com/app/bower_components/socket.io-client/socket.io.js (5310)
[0414/002120:INFO:CONSOLE(5310)] "WebSocket connection to 'wss://ws.jandi.com/socket.io/?EIO=3&transport=websocket' failed: Error in connection establishment: net::ERR_CONNECTION_CLOSED", source: https://se04.jandi.com/app/bower_components/socket.io-client/socket.io.js (5310)
[0414/002120:INFO:CONSOLE(5310)] "WebSocket connection to 'wss://ws.jandi.com/socket.io/?EIO=3&transport=websocket' failed: Error in connection establishment: net::ERR_CONNECTION_CLOSED", source: https://se04.jandi.com/app/bower_components/socket.io-client/socket.io.js (5310)
[0414/002121:INFO:CONSOLE(5310)] "WebSocket connection to 'wss://ws.jandi.com/socket.io/?EIO=3&transport=websocket' failed: Error in connection establishment: net::ERR_CONNECTION_CLOSED", source: https://se04.jandi.com/app/bower_components/socket.io-client/socket.io.js (5310)
[0414/002123:INFO:CONSOLE(5310)] "WebSocket connection to 'wss://ws.jandi.com/socket.io/?EIO=3&transport=websocket' failed: Error in connection establishment: net::ERR_CONNECTION_CLOSED", source: https://se04.jandi.com/app/bower_components/socket.io-client/socket.io.js (5310)
[0414/002126:INFO:CONSOLE(5310)] "WebSocket connection to 'wss://ws.jandi.com/socket.io/?EIO=3&transport=websocket' failed: Error in connection establishment: net::ERR_CONNECTION_CLOSED", source: https://se04.jandi.com/app/bower_components/socket.io-client/socket.io.js (5310)
[0414/002130:INFO:CONSOLE(5310)] "WebSocket connection to 'wss://ws.jandi.com/socket.io/?EIO=3&transport=websocket' failed: Error in connection establishment: net::ERR_CONNECTION_CLOSED", source: https://se04.jandi.com/app/bower_components/socket.io-client/socket.io.js (5310)
[0414/002131:INFO:CONSOLE(5310)] "WebSocket connection to 'wss://ws.jandi.com/socket.io/?EIO=3&transport=websocket' failed: Error in connection establishment: net::ERR_CONNECTION_CLOSED", source: https://se04.jandi.com/app/bower_components/socket.io-client/socket.io.js (5310)
[0414/002133:INFO:CONSOLE(5310)] "WebSocket connection to 'wss://ws.jandi.com/socket.io/?EIO=3&transport=websocket' failed: Error in connection establishment: net::ERR_CONNECTION_CLOSED", source: https://se04.jandi.com/app/bower_components/socket.io-client/socket.io.js (5310)
[0414/002140:INFO:CONSOLE(5310)] "WebSocket connection to 'wss://ws.jandi.com/socket.io/?EIO=3&transport=websocket' failed: Error in connection establishment: net::ERR_CONNECTION_CLOSED", source: https://se04.jandi.com/app/bower_components/socket.io-client/socket.io.js (5310)
[0414/002150:INFO:CONSOLE(5310)] "WebSocket connection to 'wss://ws.jandi.com/socket.io/?EIO=3&transport=websocket' failed: Error in connection establishment: net::ERR_CONNECTION_CLOSED", source: https://se04.jandi.com/app/bower_components/socket.io-client/socket.io.js (5310)
[0414/002158:INFO:CONSOLE(5310)] "WebSocket connection to 'wss://ws.jandi.com/socket.io/?EIO=3&transport=websocket' failed: Error in connection establishment: net::ERR_CONNECTION_CLOSED", source: https://se04.jandi.com/app/bower_components/socket.io-client/socket.io.js (5310)
[0414/002159:INFO:CONSOLE(5310)] "WebSocket connection to 'wss://ws.jandi.com/socket.io/?EIO=3&transport=websocket' failed: Error in connection establishment: net::ERR_CONNECTION_CLOSED", source: https://se04.jandi.com/app/bower_components/socket.io-client/socket.io.js (5310)
[0414/002202:INFO:CONSOLE(5310)] "WebSocket connection to 'wss://ws.jandi.com/socket.io/?EIO=3&transport=websocket' failed: Error in connection establishment: net::ERR_CONNECTION_CLOSED", source: https://se04.jandi.com/app/bower_components/socket.io-client/socket.io.js (5310)
[0414/002218:INFO:CONSOLE(5310)] "WebSocket connection to 'wss://ws.jandi.com/socket.io/?EIO=3&transport=websocket' failed: Error in connection establishment: net::ERR_CONNECTION_CLOSED", source: https://se04.jandi.com/app/bower_components/socket.io-client/socket.io.js (5310)
[0414/002225:INFO:CONSOLE(5310)] "WebSocket connection to 'wss://ws.jandi.com/socket.io/?EIO=3&transport=websocket' failed: Error in connection establishment: net::ERR_CONNECTION_CLOSED", source: https://se04.jandi.com/app/bower_components/socket.io-client/socket.io.js (5310)
[0414/002237:INFO:CONSOLE(5310)] "WebSocket connection to 'wss://ws.jandi.com/socket.io/?EIO=3&transport=websocket' failed: Error in connection establishment: net::ERR_CONNECTION_CLOSED", source: https://se04.jandi.com/app/bower_components/socket.io-client/socket.io.js (5310)
[0414/002253:INFO:CONSOLE(5310)] "WebSocket connection to 'wss://ws.jandi.com/socket.io/?EIO=3&transport=websocket' failed: Error in connection establishment: net::ERR_CONNECTION_CLOSED", source: https://se04.jandi.com/app/bower_components/socket.io-client/socket.io.js (5310)
[0414/002308:INFO:CONSOLE(5310)] "WebSocket connection to 'wss://ws.jandi.com/socket.io/?EIO=3&transport=websocket' failed: Error in connection establishment: net::ERR_CONNECTION_CLOSED", source: https://se04.jandi.com/app/bower_components/socket.io-client/socket.io.js (5310)
[0414/002313:INFO:CONSOLE(5310)] "WebSocket connection to 'wss://ws.jandi.com/socket.io/?EIO=3&transport=websocket' failed: Error in connection establishment: net::ERR_CONNECTION_CLOSED", source: https://se04.jandi.com/app/bower_components/socket.io-client/socket.io.js (5310)
[0414/002320:INFO:CONSOLE(5310)] "WebSocket connection to 'wss://ws.jandi.com/socket.io/?EIO=3&transport=websocket' failed: Error in connection establishment: net::ERR_CONNECTION_CLOSED", source: https://se04.jandi.com/app/bower_components/socket.io-client/socket.io.js (5310)
[0414/002353:INFO:CONSOLE(5310)] "WebSocket connection to 'wss://ws.jandi.com/socket.io/?EIO=3&transport=websocket' failed: Error in connection establishment: net::ERR_CONNECTION_CLOSED", source: https://se04.jandi.com/app/bower_components/socket.io-client/socket.io.js (5310)
[0414/002520:INFO:CONSOLE(5310)] "WebSocket connection to 'wss://ws.jandi.com/socket.io/?EIO=3&transport=websocket' failed: Error in connection establishment: net::ERR_CONNECTION_CLOSED", source: https://se04.jandi.com/app/bower_components/socket.io-client/socket.io.js (5310)
[0414/002535:INFO:CONSOLE(5310)] "WebSocket connection to 'wss://ws.jandi.com/socket.io/?EIO=3&transport=websocket' failed: Error in connection establishment: net::ERR_CONNECTION_CLOSED", source: https://se04.jandi.com/app/bower_components/socket.io-client/socket.io.js (5310)
[0414/002616:INFO:CONSOLE(5310)] "WebSocket connection to 'wss://ws.jandi.com/socket.io/?EIO=3&transport=websocket' failed: Error in connection establishment: net::ERR_CONNECTION_CLOSED", source: https://se04.jandi.com/app/bower_components/socket.io-client/socket.io.js (5310)
[0414/002626:INFO:CONSOLE(5310)] "WebSocket connection to 'wss://ws.jandi.com/socket.io/?EIO=3&transport=websocket' failed: Error in connection establishment: net::ERR_CONNECTION_CLOSED", source: https://se04.jandi.com/app/bower_components/socket.io-client/socket.io.js (5310)
[0414/002835:INFO:CONSOLE(5310)] "WebSocket connection to 'wss://ws.jandi.com/socket.io/?EIO=3&transport=websocket' failed: Error in connection establishment: net::ERR_CONNECTION_CLOSED", source: https://se04.jandi.com/app/bower_components/socket.io-client/socket.io.js (5310)
[0414/002853:INFO:CONSOLE(5310)] "WebSocket connection to 'wss://ws.jandi.com/socket.io/?EIO=3&transport=websocket' failed: Error in connection establishment: net::ERR_CONNECTION_CLOSED", source: https://se04.jandi.com/app/bower_components/socket.io-client/socket.io.js (5310)
[0414/090309:INFO:CONSOLE(5310)] "WebSocket connection to 'wss://ws.jandi.com/socket.io/?EIO=3&transport=websocket' failed: Error in connection establishment: net::ERR_CONNECTION_CLOSED", source: https://se04.jandi.com/app/bower_components/socket.io-client/socket.io.js (5310)
[0414/090310:INFO:CONSOLE(5310)] "WebSocket connection to 'wss://ws.jandi.com/socket.io/?EIO=3&transport=websocket' failed: Error in connection establishment: net::ERR_CONNECTION_CLOSED", source: https://se04.jandi.com/app/bower_components/socket.io-client/socket.io.js (5310)
[0414/090310:INFO:CONSOLE(5310)] "WebSocket connection to 'wss://ws.jandi.com/socket.io/?EIO=3&transport=websocket' failed: Error in connection establishment: net::ERR_CONNECTION_CLOSED", source: https://se04.jandi.com/app/bower_components/socket.io-client/socket.io.js (5310)
[0414/090312:INFO:CONSOLE(5310)] "WebSocket connection to 'wss://ws.jandi.com/socket.io/?EIO=3&transport=websocket' failed: Error in connection establishment: net::ERR_CONNECTION_CLOSED", source: https://se04.jandi.com/app/bower_components/socket.io-client/socket.io.js (5310)
[0414/090312:INFO:CONSOLE(5310)] "WebSocket connection to 'wss://ws.jandi.com/socket.io/?EIO=3&transport=websocket' failed: Error in connection establishment: net::ERR_CONNECTION_CLOSED", source: https://se04.jandi.com/app/bower_components/socket.io-client/socket.io.js (5310)
[0414/090322:INFO:CONSOLE(5310)] "WebSocket connection to 'wss://ws.jandi.com/socket.io/?EIO=3&transport=websocket' failed: Error in connection establishment: net::ERR_CONNECTION_CLOSED", source: https://se04.jandi.com/app/bower_components/socket.io-client/socket.io.js (5310)
[0414/090323:INFO:CONSOLE(5310)] "WebSocket connection to 'wss://ws.jandi.com/socket.io/?EIO=3&transport=websocket' failed: Error in connection establishment: net::ERR_CONNECTION_CLOSED", source: https://se04.jandi.com/app/bower_components/socket.io-client/socket.io.js (5310)
[0414/090323:INFO:CONSOLE(5310)] "WebSocket connection to 'wss://ws.jandi.com/socket.io/?EIO=3&transport=websocket' failed: Error in connection establishment: net::ERR_CONNECTION_CLOSED", source: https://se04.jandi.com/app/bower_components/socket.io-client/socket.io.js (5310)
[0414/090324:INFO:CONSOLE(5310)] "WebSocket connection to 'wss://ws.jandi.com/socket.io/?EIO=3&transport=websocket' failed: Error in connection establishment: net::ERR_CONNECTION_CLOSED", source: https://se04.jandi.com/app/bower_components/socket.io-client/socket.io.js (5310)
[0414/090324:INFO:CONSOLE(5310)] "WebSocket connection to 'wss://ws.jandi.com/socket.io/?EIO=3&transport=websocket' failed: Error in connection establishment: net::ERR_CONNECTION_CLOSED", source: https://se04.jandi.com/app/bower_components/socket.io-client/socket.io.js (5310)
[0414/090327:INFO:CONSOLE(5310)] "WebSocket connection to 'wss://ws.jandi.com/socket.io/?EIO=3&transport=websocket' failed: Error in connection establishment: net::ERR_CONNECTION_CLOSED", source: https://se04.jandi.com/app/bower_components/socket.io-client/socket.io.js (5310)
[0414/090328:INFO:CONSOLE(5310)] "WebSocket connection to 'wss://ws.jandi.com/socket.io/?EIO=3&transport=websocket' failed: Error in connection establishment: net::ERR_CONNECTION_CLOSED", source: https://se04.jandi.com/app/bower_components/socket.io-client/socket.io.js (5310)
[0414/090331:INFO:CONSOLE(5310)] "WebSocket connection to 'wss://ws.jandi.com/socket.io/?EIO=3&transport=websocket' failed: Error in connection establishment: net::ERR_CONNECTION_CLOSED", source: https://se04.jandi.com/app/bower_components/socket.io-client/socket.io.js (5310)
[0414/090332:INFO:CONSOLE(5310)] "WebSocket connection to 'wss://ws.jandi.com/socket.io/?EIO=3&transport=websocket' failed: Error in connection establishment: net::ERR_CONNECTION_CLOSED", source: https://se04.jandi.com/app/bower_components/socket.io-client/socket.io.js (5310)
[0414/090332:INFO:CONSOLE(5310)] "WebSocket connection to 'wss://ws.jandi.com/socket.io/?EIO=3&transport=websocket' failed: Error in connection establishment: net::ERR_CONNECTION_CLOSED", source: https://se04.jandi.com/app/bower_components/socket.io-client/socket.io.js (5310)
[0414/090337:INFO:CONSOLE(5310)] "WebSocket connection to 'wss://ws.jandi.com/socket.io/?EIO=3&transport=websocket' failed: Error in connection establishment: net::ERR_CONNECTION_CLOSED", source: https://se04.jandi.com/app/bower_components/socket.io-client/socket.io.js (5310)
[0414/090337:INFO:CONSOLE(5310)] "WebSocket connection to 'wss://ws.jandi.com/socket.io/?EIO=3&transport=websocket' failed: Error in connection establishment: net::ERR_CONNECTION_CLOSED", source: https://se04.jandi.com/app/bower_components/socket.io-client/socket.io.js (5310)
[0414/090342:INFO:CONSOLE(5310)] "WebSocket connection to 'wss://ws.jandi.com/socket.io/?EIO=3&transport=websocket' failed: Error in connection establishment: net::ERR_CONNECTION_CLOSED", source: https://se04.jandi.com/app/bower_components/socket.io-client/socket.io.js (5310)
[0414/090343:INFO:CONSOLE(5310)] "WebSocket connection to 'wss://ws.jandi.com/socket.io/?EIO=3&transport=websocket' failed: Error in connection establishment: net::ERR_CONNECTION_CLOSED", source: https://se04.jandi.com/app/bower_components/socket.io-client/socket.io.js (5310)
[0414/090343:INFO:CONSOLE(5310)] "WebSocket connection to 'wss://ws.jandi.com/socket.io/?EIO=3&transport=websocket' failed: Error in connection establishment: net::ERR_CONNECTION_CLOSED", source: https://se04.jandi.com/app/bower_components/socket.io-client/socket.io.js (5310)
[0414/090353:INFO:CONSOLE(5310)] "WebSocket connection to 'wss://ws.jandi.com/socket.io/?EIO=3&transport=websocket' failed: Error in connection establishment: net::ERR_CONNECTION_CLOSED", source: https://se04.jandi.com/app/bower_components/socket.io-client/socket.io.js (5310)
[0414/090358:INFO:CONSOLE(5310)] "WebSocket connection to 'wss://ws.jandi.com/socket.io/?EIO=3&transport=websocket' failed: Error in connection establishment: net::ERR_CONNECTION_CLOSED", source: https://se04.jandi.com/app/bower_components/socket.io-client/socket.io.js (5310)
[0414/090359:INFO:CONSOLE(5310)] "WebSocket connection to 'wss://ws.jandi.com/socket.io/?EIO=3&transport=websocket' failed: Error in connection establishment: net::ERR_CONNECTION_CLOSED", source: https://se04.jandi.com/app/bower_components/socket.io-client/socket.io.js (5310)
[0414/090400:INFO:CONSOLE(5310)] "WebSocket connection to 'wss://ws.jandi.com/socket.io/?EIO=3&transport=websocket' failed: Error in connection establishment: net::ERR_CONNECTION_CLOSED", source: https://se04.jandi.com/app/bower_components/socket.io-client/socket.io.js (5310)
[0414/090401:INFO:CONSOLE(5310)] "WebSocket connection to 'wss://ws.jandi.com/socket.io/?EIO=3&transport=websocket' failed: Error in connection establishment: net::ERR_CONNECTION_CLOSED", source: https://se04.jandi.com/app/bower_components/socket.io-client/socket.io.js (5310)
[0414/090418:INFO:CONSOLE(5310)] "WebSocket connection to 'wss://ws.jandi.com/socket.io/?EIO=3&transport=websocket' failed: Error in connection establishment: net::ERR_CONNECTION_CLOSED", source: https://se04.jandi.com/app/bower_components/socket.io-client/socket.io.js (5310)
[0414/090420:INFO:CONSOLE(5310)] "WebSocket connection to 'wss://ws.jandi.com/socket.io/?EIO=3&transport=websocket' failed: Error in connection establishment: net::ERR_CONNECTION_CLOSED", source: https://se04.jandi.com/app/bower_components/socket.io-client/socket.io.js (5310)
[0414/090431:INFO:CONSOLE(5310)] "WebSocket connection to 'wss://ws.jandi.com/socket.io/?EIO=3&transport=websocket' failed: Error in connection establishment: net::ERR_CONNECTION_CLOSED", source: https://se04.jandi.com/app/bower_components/socket.io-client/socket.io.js (5310)
[0414/090443:INFO:CONSOLE(5310)] "WebSocket connection to 'wss://ws.jandi.com/socket.io/?EIO=3&transport=websocket' failed: Error in connection establishment: net::ERR_CONNECTION_CLOSED", source: https://se04.jandi.com/app/bower_components/socket.io-client/socket.io.js (5310)
[0414/090446:INFO:CONSOLE(5310)] "WebSocket connection to 'wss://ws.jandi.com/socket.io/?EIO=3&transport=websocket' failed: Error in connection establishment: net::ERR_CONNECTION_CLOSED", source: https://se04.jandi.com/app/bower_components/socket.io-client/socket.io.js (5310)
[0414/090521:INFO:CONSOLE(5310)] "WebSocket connection to 'wss://ws.jandi.com/socket.io/?EIO=3&transport=websocket' failed: Error in connection establishment: net::ERR_CONNECTION_CLOSED", source: https://se04.jandi.com/app/bower_components/socket.io-client/socket.io.js (5310)
[0414/090525:INFO:CONSOLE(5310)] "WebSocket connection to 'wss://ws.jandi.com/socket.io/?EIO=3&transport=websocket' failed: Error in connection establishment: net::ERR_CONNECTION_CLOSED", source: https://se04.jandi.com/app/bower_components/socket.io-client/socket.io.js (5310)
[0414/090535:INFO:CONSOLE(5310)] "WebSocket connection to 'wss://ws.jandi.com/socket.io/?EIO=3&transport=websocket' failed: Error in connection establishment: net::ERR_CONNECTION_CLOSED", source: https://se04.jandi.com/app/bower_components/socket.io-client/socket.io.js (5310)
[0414/090537:INFO:CONSOLE(5310)] "WebSocket connection to 'wss://ws.jandi.com/socket.io/?EIO=3&transport=websocket' failed: Error in connection establishment: net::ERR_CONNECTION_CLOSED", source: https://se04.jandi.com/app/bower_components/socket.io-client/socket.io.js (5310)
[0414/090540:INFO:CONSOLE(5310)] "WebSocket connection to 'wss://ws.jandi.com/socket.io/?EIO=3&transport=websocket' failed: Error in connection establishment: net::ERR_CONNECTION_CLOSED", source: https://se04.jandi.com/app/bower_components/socket.io-client/socket.io.js (5310)
[0414/160207:INFO:CONSOLE(5310)] "WebSocket connection to 'wss://ws.jandi.com/socket.io/?EIO=3&transport=websocket' failed: Error in connection establishment: net::ERR_NETWORK_IO_SUSPENDED", source: https://se04.jandi.com/app/bower_components/socket.io-client/socket.io.js (5310)
[0414/160207:INFO:CONSOLE(5310)] "WebSocket connection to 'wss://ws.jandi.com/socket.io/?EIO=3&transport=websocket' failed: Error in connection establishment: net::ERR_NETWORK_IO_SUSPENDED", source: https://se04.jandi.com/app/bower_components/socket.io-client/socket.io.js (5310)
[0414/160207:INFO:CONSOLE(5310)] "WebSocket connection to 'wss://ws.jandi.com/socket.io/?EIO=3&transport=websocket' failed: Error in connection establishment: net::ERR_NETWORK_IO_SUSPENDED", source: https://se04.jandi.com/app/bower_components/socket.io-client/socket.io.js (5310)
[0414/160207:INFO:CONSOLE(5310)] "WebSocket connection to 'wss://ws.jandi.com/socket.io/?EIO=3&transport=websocket' failed: Error in connection establishment: net::ERR_NETWORK_IO_SUSPENDED", source: https://se04.jandi.com/app/bower_components/socket.io-client/socket.io.js (5310)
[0414/160207:INFO:CONSOLE(5310)] "WebSocket connection to 'wss://ws.jandi.com/socket.io/?EIO=3&transport=websocket' failed: Error in connection establishment: net::ERR_NETWORK_IO_SUSPENDED", source: https://se04.jandi.com/app/bower_components/socket.io-client/socket.io.js (5310)
[0414/160207:INFO:CONSOLE(5310)] "WebSocket connection to 'wss://ws.jandi.com/socket.io/?EIO=3&transport=websocket' failed: Error in connection establishment: net::ERR_NETWORK_CHANGED", source: https://se04.jandi.com/app/bower_components/socket.io-client/socket.io.js (5310)
[0414/160207:INFO:CONSOLE(5310)] "WebSocket connection to 'wss://ws.jandi.com/socket.io/?EIO=3&transport=websocket' failed: Error in connection establishment: net::ERR_NETWORK_CHANGED", source: https://se04.jandi.com/app/bower_components/socket.io-client/socket.io.js (5310)
[0414/160207:INFO:CONSOLE(5310)] "WebSocket connection to 'wss://ws.jandi.com/socket.io/?EIO=3&transport=websocket' failed: Error in connection establishment: net::ERR_NETWORK_CHANGED", source: https://se04.jandi.com/app/bower_components/socket.io-client/socket.io.js (5310)
[0414/160213:INFO:CONSOLE(5310)] "WebSocket connection to 'wss://ws.jandi.com/socket.io/?EIO=3&transport=websocket' failed: Error in connection establishment: net::ERR_NAME_NOT_RESOLVED", source: https://se04.jandi.com/app/bower_components/socket.io-client/socket.io.js (5310)
[0414/160213:INFO:CONSOLE(5310)] "WebSocket connection to 'wss://ws.jandi.com/socket.io/?EIO=3&transport=websocket' failed: Error in connection establishment: net::ERR_NAME_NOT_RESOLVED", source: https://se04.jandi.com/app/bower_components/socket.io-client/socket.io.js (5310)
[0414/160213:INFO:CONSOLE(5310)] "WebSocket connection to 'wss://ws.jandi.com/socket.io/?EIO=3&transport=websocket' failed: Error in connection establishment: net::ERR_NAME_NOT_RESOLVED", source: https://se04.jandi.com/app/bower_components/socket.io-client/socket.io.js (5310)
[0414/160213:INFO:CONSOLE(5310)] "WebSocket connection to 'wss://ws.jandi.com/socket.io/?EIO=3&transport=websocket' failed: Error in connection establishment: net::ERR_NAME_NOT_RESOLVED", source: https://se04.jandi.com/app/bower_components/socket.io-client/socket.io.js (5310)
[0414/160213:INFO:CONSOLE(5310)] "WebSocket connection to 'wss://ws.jandi.com/socket.io/?EIO=3&transport=websocket' failed: Error in connection establishment: net::ERR_NAME_NOT_RESOLVED", source: https://se04.jandi.com/app/bower_components/socket.io-client/socket.io.js (5310)
[0414/160217:INFO:CONSOLE(5310)] "WebSocket connection to 'wss://ws.jandi.com/socket.io/?EIO=3&transport=websocket' failed: Error in connection establishment: net::ERR_NETWORK_CHANGED", source: https://se04.jandi.com/app/bower_components/socket.io-client/socket.io.js (5310)
[0414/160220:INFO:CONSOLE(5310)] "WebSocket connection to 'wss://ws.jandi.com/socket.io/?EIO=3&transport=websocket' failed: Error in connection establishment: net::ERR_NETWORK_CHANGED", source: https://se04.jandi.com/app/bower_components/socket.io-client/socket.io.js (5310)
[0414/160220:INFO:CONSOLE(5310)] "WebSocket connection to 'wss://ws.jandi.com/socket.io/?EIO=3&transport=websocket' failed: Error in connection establishment: net::ERR_NETWORK_CHANGED", source: https://se04.jandi.com/app/bower_components/socket.io-client/socket.io.js (5310)
[0414/160223:INFO:CONSOLE(5310)] "WebSocket connection to 'wss://ws.jandi.com/socket.io/?EIO=3&transport=websocket' failed: Error in connection establishment: net::ERR_NETWORK_CHANGED", source: https://se04.jandi.com/app/bower_components/socket.io-client/socket.io.js (5310)
[0414/160244:INFO:CONSOLE(0)] "WebSocket connection to 'wss://ws.jandi.com/socket.io/?EIO=3&transport=websocket' failed: WebSocket is closed before the connection is established.", source: https://se04.jandi.com/app/#/channels/11893609/files/29686046 (0)
[0414/160248:INFO:CONSOLE(0)] "WebSocket connection to 'wss://ws.jandi.com/socket.io/?EIO=3&transport=websocket' failed: WebSocket is closed before the connection is established.", source: https://se04.jandi.com/app/#/channels/11893609/files/29686046 (0)
[0414/160251:INFO:CONSOLE(0)] "WebSocket connection to 'wss://ws.jandi.com/socket.io/?EIO=3&transport=websocket' failed: WebSocket is closed before the connection is established.", source: https://se04.jandi.com/app/#/channels/11893609/files/29686046 (0)
[0414/160255:INFO:CONSOLE(5310)] "WebSocket connection to 'wss://ws.jandi.com/socket.io/?EIO=3&transport=websocket' failed: Error in connection establishment: net::ERR_NETWORK_CHANGED", source: https://se04.jandi.com/app/bower_components/socket.io-client/socket.io.js (5310)
[0414/160255:INFO:CONSOLE(5310)] "WebSocket connection to 'wss://ws.jandi.com/socket.io/?EIO=3&transport=websocket' failed: Error in connection establishment: net::ERR_NETWORK_CHANGED", source: https://se04.jandi.com/app/bower_components/socket.io-client/socket.io.js (5310)
[0414/160307:INFO:CONSOLE(5310)] "WebSocket connection to 'wss://ws.jandi.com/socket.io/?EIO=3&transport=websocket' failed: Error in connection establishment: net::ERR_CONNECTION_CLOSED", source: https://se04.jandi.com/app/bower_components/socket.io-client/socket.io.js (5310)
[0414/160309:INFO:CONSOLE(5310)] "WebSocket connection to 'wss://ws.jandi.com/socket.io/?EIO=3&transport=websocket' failed: Error in connection establishment: net::ERR_CONNECTION_CLOSED", source: https://se04.jandi.com/app/bower_components/socket.io-client/socket.io.js (5310)
[0414/160313:INFO:CONSOLE(5310)] "WebSocket connection to 'wss://ws.jandi.com/socket.io/?EIO=3&transport=websocket' failed: Error in connection establishment: net::ERR_CONNECTION_CLOSED", source: https://se04.jandi.com/app/bower_components/socket.io-client/socket.io.js (5310)
[0414/160321:INFO:CONSOLE(5310)] "WebSocket connection to 'wss://ws.jandi.com/socket.io/?EIO=3&transport=websocket' failed: Error in connection establishment: net::ERR_CONNECTION_CLOSED", source: https://se04.jandi.com/app/bower_components/socket.io-client/socket.io.js (5310)
[0414/160327:INFO:CONSOLE(5310)] "WebSocket connection to 'wss://ws.jandi.com/socket.io/?EIO=3&transport=websocket' failed: Error in connection establishment: net::ERR_CONNECTION_CLOSED", source: https://se04.jandi.com/app/bower_components/socket.io-client/socket.io.js (5310)
[0414/160330:INFO:CONSOLE(5310)] "WebSocket connection to 'wss://ws.jandi.com/socket.io/?EIO=3&transport=websocket' failed: Error in connection establishment: net::ERR_CONNECTION_CLOSED", source: https://se04.jandi.com/app/bower_components/socket.io-client/socket.io.js (5310)
[0414/160338:INFO:CONSOLE(5310)] "WebSocket connection to 'wss://ws.jandi.com/socket.io/?EIO=3&transport=websocket' failed: Error in connection establishment: net::ERR_CONNECTION_CLOSED", source: https://se04.jandi.com/app/bower_components/socket.io-client/socket.io.js (5310)
[0414/182447:INFO:CONSOLE(5310)] "WebSocket connection to 'wss://ws.jandi.com/socket.io/?EIO=3&transport=websocket' failed: Error in connection establishment: net::ERR_NETWORK_CHANGED", source: https://se04.jandi.com/app/bower_components/socket.io-client/socket.io.js (5310)
[0414/182451:INFO:CONSOLE(5310)] "WebSocket connection to 'wss://ws.jandi.com/socket.io/?EIO=3&transport=websocket' failed: Error in connection establishment: net::ERR_CONNECTION_CLOSED", source: https://se04.jandi.com/app/bower_components/socket.io-client/socket.io.js (5310)
[0414/182454:INFO:CONSOLE(5310)] "WebSocket connection to 'wss://ws.jandi.com/socket.io/?EIO=3&transport=websocket' failed: Error in connection establishment: net::ERR_CONNECTION_CLOSED", source: https://se04.jandi.com/app/bower_components/socket.io-client/socket.io.js (5310)
[0414/182502:INFO:CONSOLE(5310)] "WebSocket connection to 'wss://ws.jandi.com/socket.io/?EIO=3&transport=websocket' failed: Error in connection establishment: net::ERR_CONNECTION_CLOSED", source: https://se04.jandi.com/app/bower_components/socket.io-client/socket.io.js (5310)
[0414/182502:INFO:CONSOLE(5310)] "WebSocket connection to 'wss://ws.jandi.com/socket.io/?EIO=3&transport=websocket' failed: Error in connection establishment: net::ERR_CONNECTION_CLOSED", source: https://se04.jandi.com/app/bower_components/socket.io-client/socket.io.js (5310)
[0414/182503:INFO:CONSOLE(5310)] "WebSocket connection to 'wss://ws.jandi.com/socket.io/?EIO=3&transport=websocket' failed: Error in connection establishment: net::ERR_CONNECTION_CLOSED", source: https://se04.jandi.com/app/bower_components/socket.io-client/socket.io.js (5310)
[0414/182503:INFO:CONSOLE(5310)] "WebSocket connection to 'wss://ws.jandi.com/socket.io/?EIO=3&transport=websocket' failed: Error in connection establishment: net::ERR_CONNECTION_CLOSED", source: https://se04.jandi.com/app/bower_components/socket.io-client/socket.io.js (5310)
[0414/182503:INFO:CONSOLE(5310)] "WebSocket connection to 'wss://ws.jandi.com/socket.io/?EIO=3&transport=websocket' failed: Error in connection establishment: net::ERR_CONNECTION_CLOSED", source: https://se04.jandi.com/app/bower_components/socket.io-client/socket.io.js (5310)
[0414/182504:INFO:CONSOLE(5310)] "WebSocket connection to 'wss://ws.jandi.com/socket.io/?EIO=3&transport=websocket' failed: Error in connection establishment: net::ERR_CONNECTION_CLOSED", source: https://se04.jandi.com/app/bower_components/socket.io-client/socket.io.js (5310)
[0414/182504:INFO:CONSOLE(5310)] "WebSocket connection to 'wss://ws.jandi.com/socket.io/?EIO=3&transport=websocket' failed: Error in connection establishment: net::ERR_CONNECTION_CLOSED", source: https://se04.jandi.com/app/bower_components/socket.io-client/socket.io.js (5310)
[0414/182505:INFO:CONSOLE(5310)] "WebSocket connection to 'wss://ws.jandi.com/socket.io/?EIO=3&transport=websocket' failed: Error in connection establishment: net::ERR_CONNECTION_CLOSED", source: https://se04.jandi.com/app/bower_components/socket.io-client/socket.io.js (5310)
[0414/182506:INFO:CONSOLE(5310)] "WebSocket connection to 'wss://ws.jandi.com/socket.io/?EIO=3&transport=websocket' failed: Error in connection establishment: net::ERR_CONNECTION_CLOSED", source: https://se04.jandi.com/app/bower_components/socket.io-client/socket.io.js (5310)
[0414/182507:INFO:CONSOLE(5310)] "WebSocket connection to 'wss://ws.jandi.com/socket.io/?EIO=3&transport=websocket' failed: Error in connection establishment: net::ERR_CONNECTION_CLOSED", source: https://se04.jandi.com/app/bower_components/socket.io-client/socket.io.js (5310)
[0414/182509:INFO:CONSOLE(5310)] "WebSocket connection to 'wss://ws.jandi.com/socket.io/?EIO=3&transport=websocket' failed: Error in connection establishment: net::ERR_CONNECTION_CLOSED", source: https://se04.jandi.com/app/bower_components/socket.io-client/socket.io.js (5310)
[0414/182510:INFO:CONSOLE(5310)] "WebSocket connection to 'wss://ws.jandi.com/socket.io/?EIO=3&transport=websocket' failed: Error in connection establishment: net::ERR_CONNECTION_CLOSED", source: https://se04.jandi.com/app/bower_components/socket.io-client/socket.io.js (5310)
[0414/182510:INFO:CONSOLE(5310)] "WebSocket connection to 'wss://ws.jandi.com/socket.io/?EIO=3&transport=websocket' failed: Error in connection establishment: net::ERR_CONNECTION_CLOSED", source: https://se04.jandi.com/app/bower_components/socket.io-client/socket.io.js (5310)
[0414/182513:INFO:CONSOLE(5310)] "WebSocket connection to 'wss://ws.jandi.com/socket.io/?EIO=3&transport=websocket' failed: Error in connection establishment: net::ERR_CONNECTION_CLOSED", source: https://se04.jandi.com/app/bower_components/socket.io-client/socket.io.js (5310)
[0414/182517:INFO:CONSOLE(5310)] "WebSocket connection to 'wss://ws.jandi.com/socket.io/?EIO=3&transport=websocket' failed: Error in connection establishment: net::ERR_CONNECTION_CLOSED", source: https://se04.jandi.com/app/bower_components/socket.io-client/socket.io.js (5310)
[0414/182517:INFO:CONSOLE(5310)] "WebSocket connection to 'wss://ws.jandi.com/socket.io/?EIO=3&transport=websocket' failed: Error in connection establishment: net::ERR_CONNECTION_CLOSED", source: https://se04.jandi.com/app/bower_components/socket.io-client/socket.io.js (5310)
[0414/182519:INFO:CONSOLE(5310)] "WebSocket connection to 'wss://ws.jandi.com/socket.io/?EIO=3&transport=websocket' failed: Error in connection establishment: net::ERR_CONNECTION_CLOSED", source: https://se04.jandi.com/app/bower_components/socket.io-client/socket.io.js (5310)
[0414/182521:INFO:CONSOLE(5310)] "WebSocket connection to 'wss://ws.jandi.com/socket.io/?EIO=3&transport=websocket' failed: Error in connection establishment: net::ERR_CONNECTION_CLOSED", source: https://se04.jandi.com/app/bower_components/socket.io-client/socket.io.js (5310)
[0414/201651:INFO:CONSOLE(5310)] "WebSocket connection to 'wss://ws.jandi.com/socket.io/?EIO=3&transport=websocket' failed: Error in connection establishment: net::ERR_NETWORK_IO_SUSPENDED", source: https://se04.jandi.com/app/bower_components/socket.io-client/socket.io.js (5310)
[0414/201651:INFO:CONSOLE(5310)] "WebSocket connection to 'wss://ws.jandi.com/socket.io/?EIO=3&transport=websocket' failed: Error in connection establishment: net::ERR_NETWORK_IO_SUSPENDED", source: https://se04.jandi.com/app/bower_components/socket.io-client/socket.io.js (5310)
[0414/201705:INFO:CONSOLE(5310)] "WebSocket connection to 'wss://ws.jandi.com/socket.io/?EIO=3&transport=websocket' failed: Error in connection establishment: net::ERR_NETWORK_CHANGED", source: https://se04.jandi.com/app/bower_components/socket.io-client/socket.io.js (5310)
[0414/201705:INFO:CONSOLE(5310)] "WebSocket connection to 'wss://ws.jandi.com/socket.io/?EIO=3&transport=websocket' failed: Error in connection establishment: net::ERR_NETWORK_CHANGED", source: https://se04.jandi.com/app/bower_components/socket.io-client/socket.io.js (5310)
[0414/201705:INFO:CONSOLE(5310)] "WebSocket connection to 'wss://ws.jandi.com/socket.io/?EIO=3&transport=websocket' failed: Error in connection establishment: net::ERR_NETWORK_CHANGED", source: https://se04.jandi.com/app/bower_components/socket.io-client/socket.io.js (5310)
[0414/201705:INFO:CONSOLE(5310)] "WebSocket connection to 'wss://ws.jandi.com/socket.io/?EIO=3&transport=websocket' failed: Error in connection establishment: net::ERR_NETWORK_CHANGED", source: https://se04.jandi.com/app/bower_components/socket.io-client/socket.io.js (5310)
[0414/201705:INFO:CONSOLE(5310)] "WebSocket connection to 'wss://ws.jandi.com/socket.io/?EIO=3&transport=websocket' failed: Error in connection establishment: net::ERR_NETWORK_CHANGED", source: https://se04.jandi.com/app/bower_components/socket.io-client/socket.io.js (5310)
[0414/201715:INFO:CONSOLE(5)] "TypeError: Cannot read property 'data' of undefined
    at https://se04.jandi.com/app/app/e6c42e7b.vendor.js:5:9350
    at i (https://se04.jandi.com/app/app/e6c42e7b.vendor.js:5:26059)
    at https://se04.jandi.com/app/app/e6c42e7b.vendor.js:5:26231
    at l.$eval (https://se04.jandi.com/app/app/e6c42e7b.vendor.js:6:1395)
    at l.$digest (https://se04.jandi.com/app/app/e6c42e7b.vendor.js:5:31922)
    at l.$apply (https://se04.jandi.com/app/app/e6c42e7b.vendor.js:6:1651)
    at h (https://se04.jandi.com/app/app/e6c42e7b.vendor.js:5:9818)
    at r (https://se04.jandi.com/app/app/e6c42e7b.vendor.js:5:11669)
    at XMLHttpRequest.v.onload (https://se04.jandi.com/app/app/e6c42e7b.vendor.js:5:12209)", source: https://se04.jandi.com/app/app/e6c42e7b.vendor.js (5)
[0414/201715:INFO:CONSOLE(5)] "TypeError: Cannot read property 'data' of undefined
    at https://se04.jandi.com/app/app/e6c42e7b.vendor.js:5:9350
    at i (https://se04.jandi.com/app/app/e6c42e7b.vendor.js:5:26059)
    at https://se04.jandi.com/app/app/e6c42e7b.vendor.js:5:26231
    at l.$eval (https://se04.jandi.com/app/app/e6c42e7b.vendor.js:6:1395)
    at l.$digest (https://se04.jandi.com/app/app/e6c42e7b.vendor.js:5:31922)
    at l.$apply (https://se04.jandi.com/app/app/e6c42e7b.vendor.js:6:1651)
    at h (https://se04.jandi.com/app/app/e6c42e7b.vendor.js:5:9818)
    at r (https://se04.jandi.com/app/app/e6c42e7b.vendor.js:5:11669)
    at XMLHttpRequest.v.onload (https://se04.jandi.com/app/app/e6c42e7b.vendor.js:5:12209)", source: https://se04.jandi.com/app/app/e6c42e7b.vendor.js (5)
[0414/201715:INFO:CONSOLE(5)] "TypeError: Cannot read property 'data' of undefined
    at A (https://se04.jandi.com/app/app/c69066b0.app.js:12:12334)
    at i (https://se04.jandi.com/app/app/e6c42e7b.vendor.js:5:26059)
    at https://se04.jandi.com/app/app/e6c42e7b.vendor.js:5:26231
    at l.$eval (https://se04.jandi.com/app/app/e6c42e7b.vendor.js:6:1395)
    at l.$digest (https://se04.jandi.com/app/app/e6c42e7b.vendor.js:5:31922)
    at l.$apply (https://se04.jandi.com/app/app/e6c42e7b.vendor.js:6:1651)
    at h (https://se04.jandi.com/app/app/e6c42e7b.vendor.js:5:9818)
    at r (https://se04.jandi.com/app/app/e6c42e7b.vendor.js:5:11669)
    at XMLHttpRequest.v.onload (https://se04.jandi.com/app/app/e6c42e7b.vendor.js:5:12209)", source: https://se04.jandi.com/app/app/e6c42e7b.vendor.js (5)
[0414/211825:WARNING:dns_config_service_win.cc(654)] Failed to read DnsConfig.
[0414/211831:INFO:CONSOLE(5310)] "WebSocket connection to 'wss://ws.jandi.com/socket.io/?EIO=3&transport=websocket' failed: Error in connection establishment: net::ERR_NETWORK_CHANGED", source: https://se04.jandi.com/app/bower_components/socket.io-client/socket.io.js (5310)
[0414/211831:INFO:CONSOLE(5310)] "WebSocket connection to 'wss://ws.jandi.com/socket.io/?EIO=3&transport=websocket' failed: Error in connection establishment: net::ERR_NETWORK_CHANGED", source: https://se04.jandi.com/app/bower_components/socket.io-client/socket.io.js (5310)
[0414/211831:INFO:CONSOLE(5310)] "WebSocket connection to 'wss://ws.jandi.com/socket.io/?EIO=3&transport=websocket' failed: Error in connection establishment: net::ERR_NETWORK_CHANGED", source: https://se04.jandi.com/app/bower_components/socket.io-client/socket.io.js (5310)
[0414/211831:INFO:CONSOLE(5310)] "WebSocket connection to 'wss://ws.jandi.com/socket.io/?EIO=3&transport=websocket' failed: Error in connection establishment: net::ERR_NETWORK_CHANGED", source: https://se04.jandi.com/app/bower_components/socket.io-client/socket.io.js (5310)
[0414/211831:INFO:CONSOLE(5310)] "WebSocket connection to 'wss://ws.jandi.com/socket.io/?EIO=3&transport=websocket' failed: Error in connection establishment: net::ERR_NETWORK_CHANGED", source: https://se04.jandi.com/app/bower_components/socket.io-client/socket.io.js (5310)
[0414/211831:INFO:CONSOLE(5310)] "WebSocket connection to 'wss://ws.jandi.com/socket.io/?EIO=3&transport=websocket' failed: Error in connection establishment: net::ERR_NETWORK_CHANGED", source: https://se04.jandi.com/app/bower_components/socket.io-client/socket.io.js (5310)
[0414/211831:INFO:CONSOLE(5310)] "WebSocket connection to 'wss://ws.jandi.com/socket.io/?EIO=3&transport=websocket' failed: Error in connection establishment: net::ERR_NETWORK_CHANGED", source: https://se04.jandi.com/app/bower_components/socket.io-client/socket.io.js (5310)
[0414/211839:INFO:CONSOLE(5310)] "WebSocket connection to 'wss://ws.jandi.com/socket.io/?EIO=3&transport=websocket' failed: Error in connection establishment: net::ERR_NETWORK_CHANGED", source: https://se04.jandi.com/app/bower_components/socket.io-client/socket.io.js (5310)
[0415/025936:INFO:CONSOLE(5310)] "WebSocket connection to 'wss://ws.jandi.com/socket.io/?EIO=3&transport=websocket' failed: Error in connection establishment: net::ERR_NETWORK_IO_SUSPENDED", source: https://se04.jandi.com/app/bower_components/socket.io-client/socket.io.js (5310)
[0415/025936:INFO:CONSOLE(5310)] "WebSocket connection to 'wss://ws.jandi.com/socket.io/?EIO=3&transport=websocket' failed: Error in connection establishment: net::ERR_NETWORK_IO_SUSPENDED", source: https://se04.jandi.com/app/bower_components/socket.io-client/socket.io.js (5310)
[0415/025936:INFO:CONSOLE(5310)] "WebSocket connection to 'wss://ws.jandi.com/socket.io/?EIO=3&transport=websocket' failed: Error in connection establishment: net::ERR_NETWORK_IO_SUSPENDED", source: https://se04.jandi.com/app/bower_components/socket.io-client/socket.io.js (5310)
[0415/025936:INFO:CONSOLE(5310)] "WebSocket connection to 'wss://ws.jandi.com/socket.io/?EIO=3&transport=websocket' failed: Error in connection establishment: net::ERR_NETWORK_IO_SUSPENDED", source: https://se04.jandi.com/app/bower_components/socket.io-client/socket.io.js (5310)
[0415/025936:INFO:CONSOLE(5310)] "WebSocket connection to 'wss://ws.jandi.com/socket.io/?EIO=3&transport=websocket' failed: Error in connection establishment: net::ERR_NETWORK_IO_SUSPENDED", source: https://se04.jandi.com/app/bower_components/socket.io-client/socket.io.js (5310)
[0415/025936:INFO:CONSOLE(5310)] "WebSocket connection to 'wss://ws.jandi.com/socket.io/?EIO=3&transport=websocket' failed: Error in connection establishment: net::ERR_NETWORK_IO_SUSPENDED", source: https://se04.jandi.com/app/bower_components/socket.io-client/socket.io.js (5310)
[0415/025936:INFO:CONSOLE(5310)] "WebSocket connection to 'wss://ws.jandi.com/socket.io/?EIO=3&transport=websocket' failed: Error in connection establishment: net::ERR_NETWORK_IO_SUSPENDED", source: https://se04.jandi.com/app/bower_components/socket.io-client/socket.io.js (5310)
[0415/025937:INFO:CONSOLE(5310)] "WebSocket connection to 'wss://ws.jandi.com/socket.io/?EIO=3&transport=websocket' failed: Error in connection establishment: net::ERR_NETWORK_IO_SUSPENDED", source: https://se04.jandi.com/app/bower_components/socket.io-client/socket.io.js (5310)
[0415/025938:INFO:CONSOLE(5310)] "WebSocket connection to 'wss://ws.jandi.com/socket.io/?EIO=3&transport=websocket' failed: Error in connection establishment: net::ERR_NETWORK_IO_SUSPENDED", source: https://se04.jandi.com/app/bower_components/socket.io-client/socket.io.js (5310)
[0415/095939:INFO:CONSOLE(5310)] "WebSocket connection to 'wss://ws.jandi.com/socket.io/?EIO=3&transport=websocket' failed: Error in connection establishment: net::ERR_NETWORK_IO_SUSPENDED", source: https://se04.jandi.com/app/bower_components/socket.io-client/socket.io.js (5310)
[0415/095939:INFO:CONSOLE(5310)] "WebSocket connection to 'wss://ws.jandi.com/socket.io/?EIO=3&transport=websocket' failed: Error in connection establishment: net::ERR_NETWORK_IO_SUSPENDED", source: https://se04.jandi.com/app/bower_components/socket.io-client/socket.io.js (5310)
[0415/095939:INFO:CONSOLE(5310)] "WebSocket connection to 'wss://ws.jandi.com/socket.io/?EIO=3&transport=websocket' failed: Error in connection establishment: net::ERR_NETWORK_IO_SUSPENDED", source: https://se04.jandi.com/app/bower_components/socket.io-client/socket.io.js (5310)
[0415/095939:INFO:CONSOLE(5310)] "WebSocket connection to 'wss://ws.jandi.com/socket.io/?EIO=3&transport=websocket' failed: Error in connection establishment: net::ERR_NETWORK_IO_SUSPENDED", source: https://se04.jandi.com/app/bower_components/socket.io-client/socket.io.js (5310)
[0415/095939:INFO:CONSOLE(5310)] "WebSocket connection to 'wss://ws.jandi.com/socket.io/?EIO=3&transport=websocket' failed: Error in connection establishment: net::ERR_NETWORK_IO_SUSPENDED", source: https://se04.jandi.com/app/bower_components/socket.io-client/socket.io.js (5310)
[0415/095939:INFO:CONSOLE(5310)] "WebSocket connection to 'wss://ws.jandi.com/socket.io/?EIO=3&transport=websocket' failed: Error in connection establishment: net::ERR_NETWORK_IO_SUSPENDED", source: https://se04.jandi.com/app/bower_components/socket.io-client/socket.io.js (5310)
[0415/095939:INFO:CONSOLE(5310)] "WebSocket connection to 'wss://ws.jandi.com/socket.io/?EIO=3&transport=websocket' failed: Error in connection establishment: net::ERR_NETWORK_IO_SUSPENDED", source: https://se04.jandi.com/app/bower_components/socket.io-client/socket.io.js (5310)
[0415/095943:INFO:CONSOLE(5310)] "WebSocket connection to 'wss://ws.jandi.com/socket.io/?EIO=3&transport=websocket' failed: Error in connection establishment: net::ERR_NETWORK_IO_SUSPENDED", source: https://se04.jandi.com/app/bower_components/socket.io-client/socket.io.js (5310)
[0415/095943:INFO:CONSOLE(5310)] "WebSocket connection to 'wss://ws.jandi.com/socket.io/?EIO=3&transport=websocket' failed: Error in connection establishment: net::ERR_NETWORK_IO_SUSPENDED", source: https://se04.jandi.com/app/bower_components/socket.io-client/socket.io.js (5310)
[0415/095943:INFO:CONSOLE(5310)] "WebSocket connection to 'wss://ws.jandi.com/socket.io/?EIO=3&transport=websocket' failed: Error in connection establishment: net::ERR_NETWORK_IO_SUSPENDED", source: https://se04.jandi.com/app/bower_components/socket.io-client/socket.io.js (5310)
[0415/095943:INFO:CONSOLE(5310)] "WebSocket connection to 'wss://ws.jandi.com/socket.io/?EIO=3&transport=websocket' failed: Error in connection establishment: net::ERR_NETWORK_IO_SUSPENDED", source: https://se04.jandi.com/app/bower_components/socket.io-client/socket.io.js (5310)
[0415/095954:INFO:CONSOLE(5310)] "WebSocket connection to 'wss://ws.jandi.com/socket.io/?EIO=3&transport=websocket' failed: Error in connection establishment: net::ERR_NETWORK_CHANGED", source: https://se04.jandi.com/app/bower_components/socket.io-client/socket.io.js (5310)
[0415/095954:INFO:CONSOLE(5310)] "WebSocket connection to 'wss://ws.jandi.com/socket.io/?EIO=3&transport=websocket' failed: Error in connection establishment: net::ERR_NETWORK_CHANGED", source: https://se04.jandi.com/app/bower_components/socket.io-client/socket.io.js (5310)
[0415/095954:INFO:CONSOLE(5310)] "WebSocket connection to 'wss://ws.jandi.com/socket.io/?EIO=3&transport=websocket' failed: Error in connection establishment: net::ERR_NETWORK_CHANGED", source: https://se04.jandi.com/app/bower_components/socket.io-client/socket.io.js (5310)
[0415/095954:INFO:CONSOLE(5310)] "WebSocket connection to 'wss://ws.jandi.com/socket.io/?EIO=3&transport=websocket' failed: Error in connection establishment: net::ERR_NETWORK_CHANGED", source: https://se04.jandi.com/app/bower_components/socket.io-client/socket.io.js (5310)
[0415/095954:INFO:CONSOLE(5310)] "WebSocket connection to 'wss://ws.jandi.com/socket.io/?EIO=3&transport=websocket' failed: Error in connection establishment: net::ERR_NETWORK_CHANGED", source: https://se04.jandi.com/app/bower_components/socket.io-client/socket.io.js (5310)
[0415/095955:INFO:CONSOLE(5310)] "WebSocket connection to 'wss://ws.jandi.com/socket.io/?EIO=3&transport=websocket' failed: Error in connection establishment: net::ERR_NETWORK_CHANGED", source: https://se04.jandi.com/app/bower_components/socket.io-client/socket.io.js (5310)
[0415/095955:INFO:CONSOLE(5310)] "WebSocket connection to 'wss://ws.jandi.com/socket.io/?EIO=3&transport=websocket' failed: Error in connection establishment: net::ERR_NETWORK_CHANGED", source: https://se04.jandi.com/app/bower_components/socket.io-client/socket.io.js (5310)
[0415/100006:INFO:CONSOLE(5310)] "WebSocket connection to 'wss://ws.jandi.com/socket.io/?EIO=3&transport=websocket' failed: Error in connection establishment: net::ERR_NETWORK_CHANGED", source: https://se04.jandi.com/app/bower_components/socket.io-client/socket.io.js (5310)
[0415/100019:INFO:CONSOLE(5)] "TypeError: Cannot read property 'data' of undefined
    at A (https://se04.jandi.com/app/app/c69066b0.app.js:12:12334)
    at i (https://se04.jandi.com/app/app/e6c42e7b.vendor.js:5:26059)
    at https://se04.jandi.com/app/app/e6c42e7b.vendor.js:5:26231
    at l.$eval (https://se04.jandi.com/app/app/e6c42e7b.vendor.js:6:1395)
    at l.$digest (https://se04.jandi.com/app/app/e6c42e7b.vendor.js:5:31922)
    at l.$apply (https://se04.jandi.com/app/app/e6c42e7b.vendor.js:6:1651)
    at h (https://se04.jandi.com/app/app/e6c42e7b.vendor.js:5:9818)
    at r (https://se04.jandi.com/app/app/e6c42e7b.vendor.js:5:11669)
    at XMLHttpRequest.v.onload (https://se04.jandi.com/app/app/e6c42e7b.vendor.js:5:12209)", source: https://se04.jandi.com/app/app/e6c42e7b.vendor.js (5)
[0415/100019:INFO:CONSOLE(5)] "TypeError: Cannot read property 'data' of undefined
    at https://se04.jandi.com/app/app/e6c42e7b.vendor.js:5:9350
    at i (https://se04.jandi.com/app/app/e6c42e7b.vendor.js:5:26059)
    at https://se04.jandi.com/app/app/e6c42e7b.vendor.js:5:26231
    at l.$eval (https://se04.jandi.com/app/app/e6c42e7b.vendor.js:6:1395)
    at l.$digest (https://se04.jandi.com/app/app/e6c42e7b.vendor.js:5:31922)
    at l.$apply (https://se04.jandi.com/app/app/e6c42e7b.vendor.js:6:1651)
    at h (https://se04.jandi.com/app/app/e6c42e7b.vendor.js:5:9818)
    at r (https://se04.jandi.com/app/app/e6c42e7b.vendor.js:5:11669)
    at XMLHttpRequest.v.onload (https://se04.jandi.com/app/app/e6c42e7b.vendor.js:5:12209)", source: https://se04.jandi.com/app/app/e6c42e7b.vendor.js (5)
[0415/100019:INFO:CONSOLE(5)] "TypeError: Cannot read property 'data' of undefined
    at https://se04.jandi.com/app/app/e6c42e7b.vendor.js:5:9350
    at i (https://se04.jandi.com/app/app/e6c42e7b.vendor.js:5:26059)
    at https://se04.jandi.com/app/app/e6c42e7b.vendor.js:5:26231
    at l.$eval (https://se04.jandi.com/app/app/e6c42e7b.vendor.js:6:1395)
    at l.$digest (https://se04.jandi.com/app/app/e6c42e7b.vendor.js:5:31922)
    at l.$apply (https://se04.jandi.com/app/app/e6c42e7b.vendor.js:6:1651)
    at h (https://se04.jandi.com/app/app/e6c42e7b.vendor.js:5:9818)
    at r (https://se04.jandi.com/app/app/e6c42e7b.vendor.js:5:11669)
    at XMLHttpRequest.v.onload (https://se04.jandi.com/app/app/e6c42e7b.vendor.js:5:12209)", source: https://se04.jandi.com/app/app/e6c42e7b.vendor.js (5)
[0415/135741:INFO:CONSOLE(5310)] "WebSocket connection to 'wss://ws.jandi.com/socket.io/?EIO=3&transport=websocket' failed: Error in connection establishment: net::ERR_NETWORK_CHANGED", source: https://se04.jandi.com/app/bower_components/socket.io-client/socket.io.js (5310)
[0415/135741:INFO:CONSOLE(5310)] "WebSocket connection to 'wss://ws.jandi.com/socket.io/?EIO=3&transport=websocket' failed: Error in connection establishment: net::ERR_NETWORK_CHANGED", source: https://se04.jandi.com/app/bower_components/socket.io-client/socket.io.js (5310)
[0415/135741:INFO:CONSOLE(5310)] "WebSocket connection to 'wss://ws.jandi.com/socket.io/?EIO=3&transport=websocket' failed: Error in connection establishment: net::ERR_NETWORK_CHANGED", source: https://se04.jandi.com/app/bower_components/socket.io-client/socket.io.js (5310)
[0415/135741:INFO:CONSOLE(5310)] "WebSocket connection to 'wss://ws.jandi.com/socket.io/?EIO=3&transport=websocket' failed: Error in connection establishment: net::ERR_NETWORK_CHANGED", source: https://se04.jandi.com/app/bower_components/socket.io-client/socket.io.js (5310)
[0415/135741:INFO:CONSOLE(5310)] "WebSocket connection to 'wss://ws.jandi.com/socket.io/?EIO=3&transport=websocket' failed: Error in connection establishment: net::ERR_NETWORK_CHANGED", source: https://se04.jandi.com/app/bower_components/socket.io-client/socket.io.js (5310)
[0415/135741:INFO:CONSOLE(5310)] "WebSocket connection to 'wss://ws.jandi.com/socket.io/?EIO=3&transport=websocket' failed: Error in connection establishment: net::ERR_NETWORK_CHANGED", source: https://se04.jandi.com/app/bower_components/socket.io-client/socket.io.js (5310)
[0415/135741:INFO:CONSOLE(5310)] "WebSocket connection to 'wss://ws.jandi.com/socket.io/?EIO=3&transport=websocket' failed: Error in connection establishment: net::ERR_NETWORK_CHANGED", source: https://se04.jandi.com/app/bower_components/socket.io-client/socket.io.js (5310)
[0415/135741:INFO:CONSOLE(5310)] "WebSocket connection to 'wss://ws.jandi.com/socket.io/?EIO=3&transport=websocket' failed: Error in connection establishment: net::ERR_NETWORK_CHANGED", source: https://se04.jandi.com/app/bower_components/socket.io-client/socket.io.js (5310)
[0415/135741:INFO:CONSOLE(5310)] "WebSocket connection to 'wss://ws.jandi.com/socket.io/?EIO=3&transport=websocket' failed: Error in connection establishment: net::ERR_NETWORK_CHANGED", source: https://se04.jandi.com/app/bower_components/socket.io-client/socket.io.js (5310)
[0415/135744:INFO:CONSOLE(5310)] "WebSocket connection to 'wss://ws.jandi.com/socket.io/?EIO=3&transport=websocket' failed: Error in connection establishment: net::ERR_NAME_NOT_RESOLVED", source: https://se04.jandi.com/app/bower_components/socket.io-client/socket.io.js (5310)
[0415/135744:INFO:CONSOLE(5310)] "WebSocket connection to 'wss://ws.jandi.com/socket.io/?EIO=3&transport=websocket' failed: Error in connection establishment: net::ERR_NAME_NOT_RESOLVED", source: https://se04.jandi.com/app/bower_components/socket.io-client/socket.io.js (5310)
[0415/135744:INFO:CONSOLE(5310)] "WebSocket connection to 'wss://ws.jandi.com/socket.io/?EIO=3&transport=websocket' failed: Error in connection establishment: net::ERR_NAME_NOT_RESOLVED", source: https://se04.jandi.com/app/bower_components/socket.io-client/socket.io.js (5310)
[0415/135744:INFO:CONSOLE(5310)] "WebSocket connection to 'wss://ws.jandi.com/socket.io/?EIO=3&transport=websocket' failed: Error in connection establishment: net::ERR_NAME_NOT_RESOLVED", source: https://se04.jandi.com/app/bower_components/socket.io-client/socket.io.js (5310)
[0415/135744:INFO:CONSOLE(5310)] "WebSocket connection to 'wss://ws.jandi.com/socket.io/?EIO=3&transport=websocket' failed: Error in connection establishment: net::ERR_NAME_NOT_RESOLVED", source: https://se04.jandi.com/app/bower_components/socket.io-client/socket.io.js (5310)
[0415/135744:INFO:CONSOLE(5310)] "WebSocket connection to 'wss://ws.jandi.com/socket.io/?EIO=3&transport=websocket' failed: Error in connection establishment: net::ERR_NAME_NOT_RESOLVED", source: https://se04.jandi.com/app/bower_components/socket.io-client/socket.io.js (5310)
[0415/135744:INFO:CONSOLE(5310)] "WebSocket connection to 'wss://ws.jandi.com/socket.io/?EIO=3&transport=websocket' failed: Error in connection establishment: net::ERR_NAME_NOT_RESOLVED", source: https://se04.jandi.com/app/bower_components/socket.io-client/socket.io.js (5310)
[0415/135744:INFO:CONSOLE(5310)] "WebSocket connection to 'wss://ws.jandi.com/socket.io/?EIO=3&transport=websocket' failed: Error in connection establishment: net::ERR_NAME_NOT_RESOLVED", source: https://se04.jandi.com/app/bower_components/socket.io-client/socket.io.js (5310)
[0415/135744:INFO:CONSOLE(5310)] "WebSocket connection to 'wss://ws.jandi.com/socket.io/?EIO=3&transport=websocket' failed: Error in connection establishment: net::ERR_NAME_NOT_RESOLVED", source: https://se04.jandi.com/app/bower_components/socket.io-client/socket.io.js (5310)
[0415/135748:INFO:CONSOLE(5310)] "WebSocket connection to 'wss://ws.jandi.com/socket.io/?EIO=3&transport=websocket' failed: Error in connection establishment: net::ERR_NAME_NOT_RESOLVED", source: https://se04.jandi.com/app/bower_components/socket.io-client/socket.io.js (5310)
[0415/135748:INFO:CONSOLE(5310)] "WebSocket connection to 'wss://ws.jandi.com/socket.io/?EIO=3&transport=websocket' failed: Error in connection establishment: net::ERR_NAME_NOT_RESOLVED", source: https://se04.jandi.com/app/bower_components/socket.io-client/socket.io.js (5310)
[0415/135748:INFO:CONSOLE(5310)] "WebSocket connection to 'wss://ws.jandi.com/socket.io/?EIO=3&transport=websocket' failed: Error in connection establishment: net::ERR_NAME_NOT_RESOLVED", source: https://se04.jandi.com/app/bower_components/socket.io-client/socket.io.js (5310)
[0415/135748:INFO:CONSOLE(5310)] "WebSocket connection to 'wss://ws.jandi.com/socket.io/?EIO=3&transport=websocket' failed: Error in connection establishment: net::ERR_NAME_NOT_RESOLVED", source: https://se04.jandi.com/app/bower_components/socket.io-client/socket.io.js (5310)
[0415/135748:INFO:CONSOLE(5310)] "WebSocket connection to 'wss://ws.jandi.com/socket.io/?EIO=3&transport=websocket' failed: Error in connection establishment: net::ERR_NAME_NOT_RESOLVED", source: https://se04.jandi.com/app/bower_components/socket.io-client/socket.io.js (5310)
[0415/135749:INFO:CONSOLE(5310)] "WebSocket connection to 'wss://ws.jandi.com/socket.io/?EIO=3&transport=websocket' failed: Error in connection establishment: net::ERR_NAME_NOT_RESOLVED", source: https://se04.jandi.com/app/bower_components/socket.io-client/socket.io.js (5310)
[0415/135749:INFO:CONSOLE(5310)] "WebSocket connection to 'wss://ws.jandi.com/socket.io/?EIO=3&transport=websocket' failed: Error in connection establishment: net::ERR_NAME_NOT_RESOLVED", source: https://se04.jandi.com/app/bower_components/socket.io-client/socket.io.js (5310)
[0415/135750:INFO:CONSOLE(5310)] "WebSocket connection to 'wss://ws.jandi.com/socket.io/?EIO=3&transport=websocket' failed: Error in connection establishment: net::ERR_NAME_NOT_RESOLVED", source: https://se04.jandi.com/app/bower_components/socket.io-client/socket.io.js (5310)
[0415/135750:INFO:CONSOLE(5310)] "WebSocket connection to 'wss://ws.jandi.com/socket.io/?EIO=3&transport=websocket' failed: Error in connection establishment: net::ERR_NAME_NOT_RESOLVED", source: https://se04.jandi.com/app/bower_components/socket.io-client/socket.io.js (5310)
[0415/135752:INFO:CONSOLE(5310)] "WebSocket connection to 'wss://ws.jandi.com/socket.io/?EIO=3&transport=websocket' failed: Error in connection establishment: net::ERR_NAME_NOT_RESOLVED", source: https://se04.jandi.com/app/bower_components/socket.io-client/socket.io.js (5310)
[0415/135754:INFO:CONSOLE(5310)] "WebSocket connection to 'wss://ws.jandi.com/socket.io/?EIO=3&transport=websocket' failed: Error in connection establishment: net::ERR_NAME_NOT_RESOLVED", source: https://se04.jandi.com/app/bower_components/socket.io-client/socket.io.js (5310)
[0415/135755:INFO:CONSOLE(5310)] "WebSocket connection to 'wss://ws.jandi.com/socket.io/?EIO=3&transport=websocket' failed: Error in connection establishment: net::ERR_NAME_NOT_RESOLVED", source: https://se04.jandi.com/app/bower_components/socket.io-client/socket.io.js (5310)
[0415/135756:INFO:CONSOLE(5310)] "WebSocket connection to 'wss://ws.jandi.com/socket.io/?EIO=3&transport=websocket' failed: Error in connection establishment: net::ERR_NAME_NOT_RESOLVED", source: https://se04.jandi.com/app/bower_components/socket.io-client/socket.io.js (5310)
[0415/135757:INFO:CONSOLE(5310)] "WebSocket connection to 'wss://ws.jandi.com/socket.io/?EIO=3&transport=websocket' failed: Error in connection establishment: net::ERR_NAME_NOT_RESOLVED", source: https://se04.jandi.com/app/bower_components/socket.io-client/socket.io.js (5310)
[0415/135757:INFO:CONSOLE(5310)] "WebSocket connection to 'wss://ws.jandi.com/socket.io/?EIO=3&transport=websocket' failed: Error in connection establishment: net::ERR_NAME_NOT_RESOLVED", source: https://se04.jandi.com/app/bower_components/socket.io-client/socket.io.js (5310)
[0415/135759:INFO:CONSOLE(5310)] "WebSocket connection to 'wss://ws.jandi.com/socket.io/?EIO=3&transport=websocket' failed: Error in connection establishment: net::ERR_NAME_NOT_RESOLVED", source: https://se04.jandi.com/app/bower_components/socket.io-client/socket.io.js (5310)
[0415/135800:INFO:CONSOLE(5310)] "WebSocket connection to 'wss://ws.jandi.com/socket.io/?EIO=3&transport=websocket' failed: Error in connection establishment: net::ERR_NAME_NOT_RESOLVED", source: https://se04.jandi.com/app/bower_components/socket.io-client/socket.io.js (5310)
[0415/135800:INFO:CONSOLE(5310)] "WebSocket connection to 'wss://ws.jandi.com/socket.io/?EIO=3&transport=websocket' failed: Error in connection establishment: net::ERR_NAME_NOT_RESOLVED", source: https://se04.jandi.com/app/bower_components/socket.io-client/socket.io.js (5310)
[0415/135806:INFO:CONSOLE(5310)] "WebSocket connection to 'wss://ws.jandi.com/socket.io/?EIO=3&transport=websocket' failed: Error in connection establishment: net::ERR_NAME_NOT_RESOLVED", source: https://se04.jandi.com/app/bower_components/socket.io-client/socket.io.js (5310)
[0415/135806:INFO:CONSOLE(5310)] "WebSocket connection to 'wss://ws.jandi.com/socket.io/?EIO=3&transport=websocket' failed: Error in connection establishment: net::ERR_NAME_NOT_RESOLVED", source: https://se04.jandi.com/app/bower_components/socket.io-client/socket.io.js (5310)
[0415/135808:INFO:CONSOLE(5310)] "WebSocket connection to 'wss://ws.jandi.com/socket.io/?EIO=3&transport=websocket' failed: Error in connection establishment: net::ERR_NAME_NOT_RESOLVED", source: https://se04.jandi.com/app/bower_components/socket.io-client/socket.io.js (5310)
[0415/135809:INFO:CONSOLE(5310)] "WebSocket connection to 'wss://ws.jandi.com/socket.io/?EIO=3&transport=websocket' failed: Error in connection establishment: net::ERR_NAME_NOT_RESOLVED", source: https://se04.jandi.com/app/bower_components/socket.io-client/socket.io.js (5310)
[0415/135814:INFO:CONSOLE(5310)] "WebSocket connection to 'wss://ws.jandi.com/socket.io/?EIO=3&transport=websocket' failed: Error in connection establishment: net::ERR_NETWORK_CHANGED", source: https://se04.jandi.com/app/bower_components/socket.io-client/socket.io.js (5310)
[0415/135814:INFO:CONSOLE(5310)] "WebSocket connection to 'wss://ws.jandi.com/socket.io/?EIO=3&transport=websocket' failed: Error in connection establishment: net::ERR_NETWORK_CHANGED", source: https://se04.jandi.com/app/bower_components/socket.io-client/socket.io.js (5310)
[0415/135814:INFO:CONSOLE(5310)] "WebSocket connection to 'wss://ws.jandi.com/socket.io/?EIO=3&transport=websocket' failed: Error in connection establishment: net::ERR_NETWORK_CHANGED", source: https://se04.jandi.com/app/bower_components/socket.io-client/socket.io.js (5310)
[0415/135814:INFO:CONSOLE(5310)] "WebSocket connection to 'wss://ws.jandi.com/socket.io/?EIO=3&transport=websocket' failed: Error in connection establishment: net::ERR_NETWORK_CHANGED", source: https://se04.jandi.com/app/bower_components/socket.io-client/socket.io.js (5310)
[0415/140125:WARNING:message_in_transit_queue.cc(18)] Destroying nonempty message queue
[0415/140125:WARNING:message_in_transit_queue.cc(18)] Destroying nonempty message queue
